Using pre-set license
Built from '2021.1/release' branch; Version is '2021.1.4f1 (4cd64a618c1b) revision 5035594'; Using compiler version '192528614'; Build Type 'Release'
OS: 'Windows 10 Home; OS build 22000.613; Version 2009; 64bit' Language: 'ko' Physical Memory: 16300 MB
BatchMode: 1, IsHumanControllingUs: 0, StartBugReporterOnCrash: 0, Is64bit: 1, IsPro: 0

 COMMAND LINE ARGUMENTS:
C:\Program Files\Unity\Hub\Editor\2021.1.4f1\Editor\Unity.exe
-adb2
-batchMode
-noUpm
-name
AssetImportWorker0
-projectPath
C:/Project/CatAdventure
-logFile
Logs/AssetImportWorker0.log
-srvPort
2873
Successfully changed project path to: C:/Project/CatAdventure
C:/Project/CatAdventure
Using Asset Import Pipeline V2.
Refreshing native plugins compatible for Editor in 37.26 ms, found 1 plugins.
Preloading 0 native plugins for Editor in 0.00 ms.
Initialize engine version: 2021.1.4f1 (4cd64a618c1b)
[Subsystems] Discovering subsystems at path C:/Program Files/Unity/Hub/Editor/2021.1.4f1/Editor/Data/Resources/UnitySubsystems
[Subsystems] Discovering subsystems at path C:/Project/CatAdventure/Assets
GfxDevice: creating device client; threaded=0; jobified=0
Direct3D:
    Version:  Direct3D 11.0 [level 11.1]
    Renderer: NVIDIA GeForce GTX 1660 SUPER (ID=0x21c4)
    Vendor:   NVIDIA
    VRAM:     5992 MB
    Driver:   30.0.14.9649
Initialize mono
Mono path[0] = 'C:/Program Files/Unity/Hub/Editor/2021.1.4f1/Editor/Data/Managed'
Mono path[1] = 'C:/Program Files/Unity/Hub/Editor/2021.1.4f1/Editor/Data/MonoBleedingEdge/lib/mono/unityjit'
Mono config path = 'C:/Program Files/Unity/Hub/Editor/2021.1.4f1/Editor/Data/MonoBleedingEdge/etc'
Using monoOptions --debugger-agent=transport=dt_socket,embedding=1,server=y,suspend=n,address=127.0.0.1:56564
Begin MonoManager ReloadAssembly
Registering precompiled unity dll's ...
Register platform support module: C:/Program Files/Unity/Hub/Editor/2021.1.4f1/Editor/Data/PlaybackEngines/WindowsStandaloneSupport/UnityEditor.WindowsStandalone.Extensions.dll
Registered in 0.001211 seconds.
Native extension for WindowsStandalone target not found
Refreshing native plugins compatible for Editor in 40.27 ms, found 1 plugins.
Preloading 0 native plugins for Editor in 0.00 ms.
Mono: successfully reloaded assembly
- Completed reload, in  1.257 seconds
Platform modules already initialized, skipping
Registering precompiled user dll's ...
Registered in 0.001073 seconds.
Begin MonoManager ReloadAssembly
Native extension for WindowsStandalone target not found
Refreshing native plugins compatible for Editor in 36.87 ms, found 1 plugins.
Preloading 0 native plugins for Editor in 0.00 ms.
Mono: successfully reloaded assembly
- Completed reload, in  0.944 seconds
Platform modules already initialized, skipping
========================================================================
Worker process is ready to serve import requests
Launched and connected shader compiler UnityShaderCompiler.exe after 0.03 seconds
Refreshing native plugins compatible for Editor in 0.36 ms, found 1 plugins.
Preloading 0 native plugins for Editor in 0.00 ms.
Unloading 1995 Unused Serialized files (Serialized files now loaded: 0)
System memory in use before: 92.8 MB.
System memory in use after: 92.9 MB.

Unloading 20 unused Assets to reduce memory usage. Loaded Objects now: 2458.
Total: 2.001500 ms (FindLiveObjects: 0.167500 ms CreateObjectMapping: 0.062200 ms MarkObjects: 1.721200 ms  DeleteObjects: 0.049600 ms)

========================================================================
Received Import Request.
  path: Assets/Art/Tiles
  artifactKey: Guid(3d488c10e6f8d4a4d91400f623a23c59) Importer(815301076,1909f56bfc062723c751e8b465ee728b)
Start importing Assets/Art/Tiles using Guid(3d488c10e6f8d4a4d91400f623a23c59) Importer(815301076,1909f56bfc062723c751e8b465ee728b)  -> (artifact id: 'ee26dce12b1dd677bb9994c43d6ca81b') in 0.008422 seconds 
========================================================================
Received Import Request.
  Time since last request: 84.615728 seconds.
  path: Assets/Art/TileSprite
  artifactKey: Guid(ea7b8d057a054d74abc412a753fa0d8e) Importer(815301076,1909f56bfc062723c751e8b465ee728b)
Start importing Assets/Art/TileSprite using Guid(ea7b8d057a054d74abc412a753fa0d8e) Importer(815301076,1909f56bfc062723c751e8b465ee728b)  -> (artifact id: '6a5d540d7debc012507497b2e28f02c4') in 0.006669 seconds 
========================================================================
Received Import Request.
  Time since last request: 6.967380 seconds.
  path: Assets/Art
  artifactKey: Guid(121eddef0ca2c5844b28ef073c4baa5d) Importer(815301076,1909f56bfc062723c751e8b465ee728b)
Start importing Assets/Art using Guid(121eddef0ca2c5844b28ef073c4baa5d) Importer(815301076,1909f56bfc062723c751e8b465ee728b)  -> (artifact id: 'ce61dea3fd68dfd60049a208afbf7864') in 0.006577 seconds 
========================================================================
Received Import Request.
  Time since last request: 50.652777 seconds.
  path: Assets/Art/New Folder
  artifactKey: Guid(43a83858487ae804f80929fcbae232b4) Importer(815301076,1909f56bfc062723c751e8b465ee728b)
Start importing Assets/Art/New Folder using Guid(43a83858487ae804f80929fcbae232b4) Importer(815301076,1909f56bfc062723c751e8b465ee728b)  -> (artifact id: '60afb69b7b952d0e64ee44735adb6b1b') in 0.006054 seconds 
========================================================================
Received Import Request.
  Time since last request: 4.919710 seconds.
  path: Assets/Art/Obstacles
  artifactKey: Guid(43a83858487ae804f80929fcbae232b4) Importer(815301076,1909f56bfc062723c751e8b465ee728b)
Start importing Assets/Art/Obstacles using Guid(43a83858487ae804f80929fcbae232b4) Importer(815301076,1909f56bfc062723c751e8b465ee728b)  -> (artifact id: '942535d40bf236167f2200d515455d49') in 0.006414 seconds 
========================================================================
Received Import Request.
  Time since last request: 8.911098 seconds.
  path: Assets/Art/Obstacles/Spike.png
  artifactKey: Guid(05d757c06bdddbe4da021585d067025c) Importer(815301076,1909f56bfc062723c751e8b465ee728b)
Start importing Assets/Art/Obstacles/Spike.png using Guid(05d757c06bdddbe4da021585d067025c) Importer(815301076,1909f56bfc062723c751e8b465ee728b)  -> (artifact id: 'd51958f6b93f19938f78a4ff7238adb6') in 0.101286 seconds 
========================================================================
Received Import Request.
  Time since last request: 6.267180 seconds.
  path: Assets/Art/Obstacles/Forest_Spike.png
  artifactKey: Guid(05d757c06bdddbe4da021585d067025c) Importer(815301076,1909f56bfc062723c751e8b465ee728b)
Start importing Assets/Art/Obstacles/Forest_Spike.png using Guid(05d757c06bdddbe4da021585d067025c) Importer(815301076,1909f56bfc062723c751e8b465ee728b)  -> (artifact id: 'e2aceb78bce50949646fb79e733768a7') in 0.015035 seconds 
========================================================================
Received Prepare
Registering precompiled user dll's ...
Registered in 0.001135 seconds.
Begin MonoManager ReloadAssembly
Native extension for WindowsStandalone target not found
Refreshing native plugins compatible for Editor in 0.53 ms, found 1 plugins.
Preloading 0 native plugins for Editor in 0.00 ms.
Mono: successfully reloaded assembly
- Completed reload, in  0.899 seconds
Platform modules already initialized, skipping
Refreshing native plugins compatible for Editor in 0.39 ms, found 1 plugins.
Preloading 0 native plugins for Editor in 0.00 ms.
Unloading 1985 Unused Serialized files (Serialized files now loaded: 0)
System memory in use before: 97.0 MB.
System memory in use after: 97.1 MB.

Unloading 9 unused Assets to reduce memory usage. Loaded Objects now: 2496.
Total: 2.525300 ms (FindLiveObjects: 0.169800 ms CreateObjectMapping: 0.076800 ms MarkObjects: 2.262100 ms  DeleteObjects: 0.015300 ms)

========================================================================
Received Prepare
Registering precompiled user dll's ...
Registered in 0.001089 seconds.
Begin MonoManager ReloadAssembly
Native extension for WindowsStandalone target not found
Refreshing native plugins compatible for Editor in 0.36 ms, found 1 plugins.
Preloading 0 native plugins for Editor in 0.00 ms.
Mono: successfully reloaded assembly
- Completed reload, in  0.887 seconds
Platform modules already initialized, skipping
Refreshing native plugins compatible for Editor in 0.38 ms, found 1 plugins.
Preloading 0 native plugins for Editor in 0.00 ms.
Unloading 1984 Unused Serialized files (Serialized files now loaded: 0)
System memory in use before: 97.0 MB.
System memory in use after: 97.1 MB.

Unloading 9 unused Assets to reduce memory usage. Loaded Objects now: 2499.
Total: 2.342100 ms (FindLiveObjects: 0.180200 ms CreateObjectMapping: 0.083600 ms MarkObjects: 2.062800 ms  DeleteObjects: 0.014600 ms)

========================================================================
Received Import Request.
  Time since last request: 167.735870 seconds.
  path: Assets/Art/Character/walk-01.png
  artifactKey: Guid(7d29274b86c0f2348b36ba1d53f895b8) Importer(815301076,1909f56bfc062723c751e8b465ee728b)
Start importing Assets/Art/Character/walk-01.png using Guid(7d29274b86c0f2348b36ba1d53f895b8) Importer(815301076,1909f56bfc062723c751e8b465ee728b)  -> (artifact id: '967fd567745b74c172b0247bde095e65') in 0.061814 seconds 
========================================================================
Received Import Request.
  Time since last request: 93.152133 seconds.
  path: Assets/Prefabs/player.prefab
  artifactKey: Guid(580f1c9238aba664aa849d0845a4e6de) Importer(815301076,1909f56bfc062723c751e8b465ee728b)
Start importing Assets/Prefabs/player.prefab using Guid(580f1c9238aba664aa849d0845a4e6de) Importer(815301076,1909f56bfc062723c751e8b465ee728b)  -> (artifact id: '800a2267bb1cba39d35b1403e025b143') in 0.037939 seconds 
========================================================================
Received Import Request.
  Time since last request: 28.653604 seconds.
  path: Assets/Art/Character/walk-01.png
  artifactKey: Guid(7d29274b86c0f2348b36ba1d53f895b8) Importer(815301076,1909f56bfc062723c751e8b465ee728b)
Start importing Assets/Art/Character/walk-01.png using Guid(7d29274b86c0f2348b36ba1d53f895b8) Importer(815301076,1909f56bfc062723c751e8b465ee728b)  -> (artifact id: '92ce2dc8b7e1ed1518b3627399b69d06') in 0.012696 seconds 
========================================================================
Received Import Request.
  Time since last request: 48.174897 seconds.
  path: Assets/New Animation.anim
  artifactKey: Guid(10ee85db1e57d4a4ab03da0bd8b3c2b7) Importer(815301076,1909f56bfc062723c751e8b465ee728b)
Start importing Assets/New Animation.anim using Guid(10ee85db1e57d4a4ab03da0bd8b3c2b7) Importer(815301076,1909f56bfc062723c751e8b465ee728b)  -> (artifact id: 'c80035de208cf8eab0f2295cef6e9745') in 0.008430 seconds 
========================================================================
Received Prepare
Registering precompiled user dll's ...
Registered in 0.001700 seconds.
Begin MonoManager ReloadAssembly
Native extension for WindowsStandalone target not found
Refreshing native plugins compatible for Editor in 0.36 ms, found 1 plugins.
Preloading 0 native plugins for Editor in 0.00 ms.
Mono: successfully reloaded assembly
- Completed reload, in  0.884 seconds
Platform modules already initialized, skipping
Refreshing native plugins compatible for Editor in 0.35 ms, found 1 plugins.
Preloading 0 native plugins for Editor in 0.00 ms.
Unloading 1985 Unused Serialized files (Serialized files now loaded: 0)
System memory in use before: 98.7 MB.
System memory in use after: 98.8 MB.

Unloading 9 unused Assets to reduce memory usage. Loaded Objects now: 2538.
Total: 2.124700 ms (FindLiveObjects: 0.179400 ms CreateObjectMapping: 0.068200 ms MarkObjects: 1.859400 ms  DeleteObjects: 0.016800 ms)

========================================================================
Received Import Request.
  Time since last request: 26.536593 seconds.
  path: Assets/Anim_Player_Walk_Test.anim
  artifactKey: Guid(10ee85db1e57d4a4ab03da0bd8b3c2b7) Importer(815301076,1909f56bfc062723c751e8b465ee728b)
Start importing Assets/Anim_Player_Walk_Test.anim using Guid(10ee85db1e57d4a4ab03da0bd8b3c2b7) Importer(815301076,1909f56bfc062723c751e8b465ee728b)  -> (artifact id: 'e17aa9465c387c755e0dbb0f2cef22ee') in 0.016321 seconds 
========================================================================
Received Import Request.
  Time since last request: 0.000255 seconds.
  path: Assets/New Animator Controller.controller
  artifactKey: Guid(7e357ada7eedab2449aa890107b45f36) Importer(815301076,1909f56bfc062723c751e8b465ee728b)
Start importing Assets/New Animator Controller.controller using Guid(7e357ada7eedab2449aa890107b45f36) Importer(815301076,1909f56bfc062723c751e8b465ee728b)  -> (artifact id: '9c436c821ad9f3520f6377717705e5ee') in 0.008979 seconds 
========================================================================
Received Import Request.
  Time since last request: 8.651007 seconds.
  path: Assets/AnimCon_Player.controller
  artifactKey: Guid(7e357ada7eedab2449aa890107b45f36) Importer(815301076,1909f56bfc062723c751e8b465ee728b)
Start importing Assets/AnimCon_Player.controller using Guid(7e357ada7eedab2449aa890107b45f36) Importer(815301076,1909f56bfc062723c751e8b465ee728b)  -> (artifact id: 'fd6075f0bdb651ce5fd8dccf97b814be') in 0.007211 seconds 
========================================================================
Received Prepare
Registering precompiled user dll's ...
Registered in 0.001102 seconds.
Begin MonoManager ReloadAssembly
Native extension for WindowsStandalone target not found
Refreshing native plugins compatible for Editor in 0.38 ms, found 1 plugins.
Preloading 0 native plugins for Editor in 0.00 ms.
Mono: successfully reloaded assembly
- Completed reload, in  0.915 seconds
Platform modules already initialized, skipping
Refreshing native plugins compatible for Editor in 0.38 ms, found 1 plugins.
Preloading 0 native plugins for Editor in 0.00 ms.
Unloading 1984 Unused Serialized files (Serialized files now loaded: 0)
System memory in use before: 98.7 MB.
System memory in use after: 98.8 MB.

Unloading 9 unused Assets to reduce memory usage. Loaded Objects now: 2541.
Total: 2.199900 ms (FindLiveObjects: 0.173100 ms CreateObjectMapping: 0.068000 ms MarkObjects: 1.873000 ms  DeleteObjects: 0.084700 ms)

========================================================================
Received Prepare
Registering precompiled user dll's ...
Registered in 0.001157 seconds.
Begin MonoManager ReloadAssembly
Native extension for WindowsStandalone target not found
Refreshing native plugins compatible for Editor in 0.36 ms, found 1 plugins.
Preloading 0 native plugins for Editor in 0.00 ms.
Mono: successfully reloaded assembly
- Completed reload, in  0.902 seconds
Platform modules already initialized, skipping
Refreshing native plugins compatible for Editor in 0.37 ms, found 1 plugins.
Preloading 0 native plugins for Editor in 0.00 ms.
Unloading 1984 Unused Serialized files (Serialized files now loaded: 0)
System memory in use before: 98.7 MB.
System memory in use after: 98.8 MB.

Unloading 9 unused Assets to reduce memory usage. Loaded Objects now: 2544.
Total: 2.000900 ms (FindLiveObjects: 0.171100 ms CreateObjectMapping: 0.071500 ms MarkObjects: 1.743900 ms  DeleteObjects: 0.013500 ms)

========================================================================
Received Prepare
Registering precompiled user dll's ...
Registered in 0.001694 seconds.
Begin MonoManager ReloadAssembly
Native extension for WindowsStandalone target not found
Refreshing native plugins compatible for Editor in 0.44 ms, found 1 plugins.
Preloading 0 native plugins for Editor in 0.00 ms.
Mono: successfully reloaded assembly
- Completed reload, in  0.892 seconds
Platform modules already initialized, skipping
Refreshing native plugins compatible for Editor in 0.35 ms, found 1 plugins.
Preloading 0 native plugins for Editor in 0.00 ms.
Unloading 1984 Unused Serialized files (Serialized files now loaded: 0)
System memory in use before: 98.7 MB.
System memory in use after: 98.8 MB.

Unloading 9 unused Assets to reduce memory usage. Loaded Objects now: 2547.
Total: 2.435300 ms (FindLiveObjects: 0.199500 ms CreateObjectMapping: 0.086600 ms MarkObjects: 2.129200 ms  DeleteObjects: 0.018700 ms)

========================================================================
Received Prepare
Registering precompiled user dll's ...
Registered in 0.001138 seconds.
Begin MonoManager ReloadAssembly
Native extension for WindowsStandalone target not found
Refreshing native plugins compatible for Editor in 0.40 ms, found 1 plugins.
Preloading 0 native plugins for Editor in 0.00 ms.
Mono: successfully reloaded assembly
- Completed reload, in  0.906 seconds
Platform modules already initialized, skipping
Refreshing native plugins compatible for Editor in 0.35 ms, found 1 plugins.
Preloading 0 native plugins for Editor in 0.00 ms.
Unloading 1984 Unused Serialized files (Serialized files now loaded: 0)
System memory in use before: 98.7 MB.
System memory in use after: 98.8 MB.

Unloading 9 unused Assets to reduce memory usage. Loaded Objects now: 2550.
Total: 2.301400 ms (FindLiveObjects: 0.208400 ms CreateObjectMapping: 0.108000 ms MarkObjects: 1.959000 ms  DeleteObjects: 0.024700 ms)

========================================================================
Received Prepare
Registering precompiled user dll's ...
Registered in 0.001078 seconds.
Begin MonoManager ReloadAssembly
Native extension for WindowsStandalone target not found
Refreshing native plugins compatible for Editor in 0.38 ms, found 1 plugins.
Preloading 0 native plugins for Editor in 0.00 ms.
Mono: successfully reloaded assembly
- Completed reload, in  0.899 seconds
Platform modules already initialized, skipping
Refreshing native plugins compatible for Editor in 0.37 ms, found 1 plugins.
Preloading 0 native plugins for Editor in 0.00 ms.
Unloading 1984 Unused Serialized files (Serialized files now loaded: 0)
System memory in use before: 98.7 MB.
System memory in use after: 98.8 MB.

Unloading 9 unused Assets to reduce memory usage. Loaded Objects now: 2553.
Total: 2.285600 ms (FindLiveObjects: 0.169200 ms CreateObjectMapping: 0.085100 ms MarkObjects: 2.009800 ms  DeleteObjects: 0.020500 ms)

========================================================================
Received Prepare
Registering precompiled user dll's ...
Registered in 0.001127 seconds.
Begin MonoManager ReloadAssembly
Native extension for WindowsStandalone target not found
Refreshing native plugins compatible for Editor in 0.38 ms, found 1 plugins.
Preloading 0 native plugins for Editor in 0.00 ms.
Mono: successfully reloaded assembly
- Completed reload, in  0.900 seconds
Platform modules already initialized, skipping
Refreshing native plugins compatible for Editor in 0.38 ms, found 1 plugins.
Preloading 0 native plugins for Editor in 0.00 ms.
Unloading 1984 Unused Serialized files (Serialized files now loaded: 0)
System memory in use before: 98.7 MB.
System memory in use after: 98.8 MB.

Unloading 9 unused Assets to reduce memory usage. Loaded Objects now: 2556.
Total: 2.104600 ms (FindLiveObjects: 0.180600 ms CreateObjectMapping: 0.070500 ms MarkObjects: 1.838600 ms  DeleteObjects: 0.013900 ms)

========================================================================
Received Prepare
Registering precompiled user dll's ...
Registered in 0.001712 seconds.
Begin MonoManager ReloadAssembly
Native extension for WindowsStandalone target not found
Refreshing native plugins compatible for Editor in 0.39 ms, found 1 plugins.
Preloading 0 native plugins for Editor in 0.00 ms.
Mono: successfully reloaded assembly
- Completed reload, in  0.927 seconds
Platform modules already initialized, skipping
Refreshing native plugins compatible for Editor in 0.61 ms, found 1 plugins.
Preloading 0 native plugins for Editor in 0.00 ms.
Unloading 1984 Unused Serialized files (Serialized files now loaded: 0)
System memory in use before: 98.7 MB.
System memory in use after: 98.8 MB.

Unloading 9 unused Assets to reduce memory usage. Loaded Objects now: 2559.
Total: 2.215100 ms (FindLiveObjects: 0.201300 ms CreateObjectMapping: 0.092700 ms MarkObjects: 1.814100 ms  DeleteObjects: 0.105900 ms)

========================================================================
Received Prepare
Registering precompiled user dll's ...
Registered in 0.001531 seconds.
Begin MonoManager ReloadAssembly
Native extension for WindowsStandalone target not found
Refreshing native plugins compatible for Editor in 0.70 ms, found 1 plugins.
Preloading 0 native plugins for Editor in 0.00 ms.
Mono: successfully reloaded assembly
- Completed reload, in  1.015 seconds
Platform modules already initialized, skipping
Refreshing native plugins compatible for Editor in 0.37 ms, found 1 plugins.
Preloading 0 native plugins for Editor in 0.00 ms.
Unloading 1984 Unused Serialized files (Serialized files now loaded: 0)
System memory in use before: 98.7 MB.
System memory in use after: 98.8 MB.

Unloading 9 unused Assets to reduce memory usage. Loaded Objects now: 2562.
Total: 2.037300 ms (FindLiveObjects: 0.173600 ms CreateObjectMapping: 0.069400 ms MarkObjects: 1.762800 ms  DeleteObjects: 0.030200 ms)

========================================================================
Received Import Request.
  Time since last request: 4882.684589 seconds.
  path: ProjectSettings/TagManager.asset
  artifactKey: Guid(00000000000000003000000000000000) Importer(815301076,1909f56bfc062723c751e8b465ee728b)
Start importing ProjectSettings/TagManager.asset using Guid(00000000000000003000000000000000) Importer(815301076,1909f56bfc062723c751e8b465ee728b)  -> (artifact id: '74b8d12d1f4911d2925e8d7b30ba917e') in 0.027214 seconds 
========================================================================
Received Import Request.
  Time since last request: 21.632949 seconds.
  path: Assets/Scripts/Parallax.cs
  artifactKey: Guid(2d99ea8e68d8b2e4eb157806cb805690) Importer(815301076,1909f56bfc062723c751e8b465ee728b)
Start importing Assets/Scripts/Parallax.cs using Guid(2d99ea8e68d8b2e4eb157806cb805690) Importer(815301076,1909f56bfc062723c751e8b465ee728b)  -> (artifact id: '0f109bedff7c20349a773f8d9e671267') in 0.009012 seconds 
========================================================================
Received Prepare
Registering precompiled user dll's ...
Registered in 0.001087 seconds.
Begin MonoManager ReloadAssembly
Native extension for WindowsStandalone target not found
Refreshing native plugins compatible for Editor in 0.36 ms, found 1 plugins.
Preloading 0 native plugins for Editor in 0.00 ms.
Mono: successfully reloaded assembly
- Completed reload, in  1.093 seconds
Platform modules already initialized, skipping
Refreshing native plugins compatible for Editor in 0.37 ms, found 1 plugins.
Preloading 0 native plugins for Editor in 0.00 ms.
Unloading 1984 Unused Serialized files (Serialized files now loaded: 0)
System memory in use before: 98.7 MB.
System memory in use after: 98.9 MB.

Unloading 10 unused Assets to reduce memory usage. Loaded Objects now: 2565.
Total: 3.335400 ms (FindLiveObjects: 0.165200 ms CreateObjectMapping: 0.071600 ms MarkObjects: 3.072500 ms  DeleteObjects: 0.024700 ms)

========================================================================
Received Prepare
Registering precompiled user dll's ...
Registered in 0.001144 seconds.
Begin MonoManager ReloadAssembly
Native extension for WindowsStandalone target not found
Refreshing native plugins compatible for Editor in 0.38 ms, found 1 plugins.
Preloading 0 native plugins for Editor in 0.00 ms.
Mono: successfully reloaded assembly
- Completed reload, in  1.027 seconds
Platform modules already initialized, skipping
Refreshing native plugins compatible for Editor in 0.36 ms, found 1 plugins.
Preloading 0 native plugins for Editor in 0.00 ms.
Unloading 1984 Unused Serialized files (Serialized files now loaded: 0)
System memory in use before: 98.7 MB.
System memory in use after: 98.9 MB.

Unloading 9 unused Assets to reduce memory usage. Loaded Objects now: 2568.
Total: 1.968500 ms (FindLiveObjects: 0.168000 ms CreateObjectMapping: 0.067000 ms MarkObjects: 1.719400 ms  DeleteObjects: 0.013300 ms)

========================================================================
Received Prepare
Registering precompiled user dll's ...
Registered in 0.001076 seconds.
Begin MonoManager ReloadAssembly
Native extension for WindowsStandalone target not found
Refreshing native plugins compatible for Editor in 0.36 ms, found 1 plugins.
Preloading 0 native plugins for Editor in 0.00 ms.
Mono: successfully reloaded assembly
- Completed reload, in  1.037 seconds
Platform modules already initialized, skipping
Refreshing native plugins compatible for Editor in 0.36 ms, found 1 plugins.
Preloading 0 native plugins for Editor in 0.00 ms.
Unloading 1984 Unused Serialized files (Serialized files now loaded: 0)
System memory in use before: 98.8 MB.
System memory in use after: 98.9 MB.

Unloading 9 unused Assets to reduce memory usage. Loaded Objects now: 2571.
Total: 2.231300 ms (FindLiveObjects: 0.176900 ms CreateObjectMapping: 0.067300 ms MarkObjects: 1.966600 ms  DeleteObjects: 0.017800 ms)

========================================================================
Received Import Request.
  Time since last request: 964.583876 seconds.
  path: Assets/Scripts
  artifactKey: Guid(2cac4b8bc59d57f4396e19944c1e6939) Importer(815301076,1909f56bfc062723c751e8b465ee728b)
Start importing Assets/Scripts using Guid(2cac4b8bc59d57f4396e19944c1e6939) Importer(815301076,1909f56bfc062723c751e8b465ee728b)  -> (artifact id: 'ef842256f737bf624cb2a6d139c51ea7') in 0.011731 seconds 
========================================================================
Received Import Request.
  Time since last request: 1.466528 seconds.
  path: Assets/Scripts/Spike.cs
  artifactKey: Guid(3bd393e04b1f13540b39393e4748cf65) Importer(815301076,1909f56bfc062723c751e8b465ee728b)
Start importing Assets/Scripts/Spike.cs using Guid(3bd393e04b1f13540b39393e4748cf65) Importer(815301076,1909f56bfc062723c751e8b465ee728b)  -> (artifact id: 'e0f98de279efadd0ba565474c14c0e23') in 0.002626 seconds 
========================================================================
Received Prepare
Registering precompiled user dll's ...
Registered in 0.001144 seconds.
Begin MonoManager ReloadAssembly
Native extension for WindowsStandalone target not found
Refreshing native plugins compatible for Editor in 0.37 ms, found 1 plugins.
Preloading 0 native plugins for Editor in 0.00 ms.
Mono: successfully reloaded assembly
- Completed reload, in  0.917 seconds
Platform modules already initialized, skipping
Refreshing native plugins compatible for Editor in 0.35 ms, found 1 plugins.
Preloading 0 native plugins for Editor in 0.00 ms.
Unloading 1984 Unused Serialized files (Serialized files now loaded: 0)
System memory in use before: 98.8 MB.
System memory in use after: 98.9 MB.

Unloading 9 unused Assets to reduce memory usage. Loaded Objects now: 2574.
Total: 2.109100 ms (FindLiveObjects: 0.181600 ms CreateObjectMapping: 0.080100 ms MarkObjects: 1.765300 ms  DeleteObjects: 0.081200 ms)

========================================================================
Received Import Request.
  Time since last request: 1461.778799 seconds.
  path: Assets/AnimCon_Player.controller
  artifactKey: Guid(7e357ada7eedab2449aa890107b45f36) Importer(815301076,1909f56bfc062723c751e8b465ee728b)
Start importing Assets/AnimCon_Player.controller using Guid(7e357ada7eedab2449aa890107b45f36) Importer(815301076,1909f56bfc062723c751e8b465ee728b)  -> (artifact id: '5121455a93dbd2df3187a5f1996aff0f') in 0.021100 seconds 
========================================================================
Received Import Request.
  Time since last request: 13.624108 seconds.
  path: Assets/Art/Character/walk-02.png
  artifactKey: Guid(2370d10ed3ab3a14c9c68f67d0298790) Importer(815301076,1909f56bfc062723c751e8b465ee728b)
Start importing Assets/Art/Character/walk-02.png using Guid(2370d10ed3ab3a14c9c68f67d0298790) Importer(815301076,1909f56bfc062723c751e8b465ee728b)  -> (artifact id: '3913c070dc3840378e1c3db533dec121') in 0.066708 seconds 
========================================================================
Received Import Request.
  Time since last request: 0.000241 seconds.
  path: Assets/Art/Character/walk-16.png
  artifactKey: Guid(aa7962122f23c8e4499a38c121b6401c) Importer(815301076,1909f56bfc062723c751e8b465ee728b)
Start importing Assets/Art/Character/walk-16.png using Guid(aa7962122f23c8e4499a38c121b6401c) Importer(815301076,1909f56bfc062723c751e8b465ee728b)  -> (artifact id: 'ddd07f25d61d261ed1cdac3887ba0f08') in 0.027088 seconds 
========================================================================
Received Import Request.
  Time since last request: 0.000296 seconds.
  path: Assets/Art/Character/walk-04.png
  artifactKey: Guid(167f0212aee1cbb4a957d272efbaa600) Importer(815301076,1909f56bfc062723c751e8b465ee728b)
Start importing Assets/Art/Character/walk-04.png using Guid(167f0212aee1cbb4a957d272efbaa600) Importer(815301076,1909f56bfc062723c751e8b465ee728b)  -> (artifact id: 'c7f4004b330e1d9b718d25447e36eaa8') in 0.016060 seconds 
========================================================================
Received Import Request.
  Time since last request: 0.000178 seconds.
  path: Assets/Art/Character/walk-19.png
  artifactKey: Guid(bce033ba3a0b0a747be7ce676468c265) Importer(815301076,1909f56bfc062723c751e8b465ee728b)
Start importing Assets/Art/Character/walk-19.png using Guid(bce033ba3a0b0a747be7ce676468c265) Importer(815301076,1909f56bfc062723c751e8b465ee728b)  -> (artifact id: '685fad12f6556a822c3bcbfe63a5f8af') in 0.023881 seconds 
========================================================================
Received Import Request.
  Time since last request: 0.000233 seconds.
  path: Assets/Art/Character/walk-14.png
  artifactKey: Guid(f79a017ff711f7249a9db6bddfe05ab9) Importer(815301076,1909f56bfc062723c751e8b465ee728b)
Start importing Assets/Art/Character/walk-14.png using Guid(f79a017ff711f7249a9db6bddfe05ab9) Importer(815301076,1909f56bfc062723c751e8b465ee728b)  -> (artifact id: 'd17c894e3e6d5186be576df21be99abc') in 0.015395 seconds 
========================================================================
Received Import Request.
  Time since last request: 0.000184 seconds.
  path: Assets/Art/Character/walk-09.png
  artifactKey: Guid(0d9c39ac3c5ba064594db9d22e5cb485) Importer(815301076,1909f56bfc062723c751e8b465ee728b)
Start importing Assets/Art/Character/walk-09.png using Guid(0d9c39ac3c5ba064594db9d22e5cb485) Importer(815301076,1909f56bfc062723c751e8b465ee728b)  -> (artifact id: '70a4a9567c671b5d965d3e865976fb9c') in 0.015430 seconds 
========================================================================
Received Import Request.
  Time since last request: 0.000197 seconds.
  path: Assets/Art/Character/walk-11.png
  artifactKey: Guid(2c5b34fa918d9a0428eef03436721934) Importer(815301076,1909f56bfc062723c751e8b465ee728b)
Start importing Assets/Art/Character/walk-11.png using Guid(2c5b34fa918d9a0428eef03436721934) Importer(815301076,1909f56bfc062723c751e8b465ee728b)  -> (artifact id: '435681de9f7088830b725b86644b7202') in 0.014040 seconds 
========================================================================
Received Import Request.
  Time since last request: 0.000181 seconds.
  path: Assets/Art/Character/walk-10.png
  artifactKey: Guid(29f0c655956d16e4e9c063011dd4bfa5) Importer(815301076,1909f56bfc062723c751e8b465ee728b)
Start importing Assets/Art/Character/walk-10.png using Guid(29f0c655956d16e4e9c063011dd4bfa5) Importer(815301076,1909f56bfc062723c751e8b465ee728b)  -> (artifact id: 'e4e9e40b4e3de01e976d79b7322773d2') in 0.013628 seconds 
========================================================================
Received Import Request.
  Time since last request: 0.000167 seconds.
  path: Assets/Art/Character/walk-13.png
  artifactKey: Guid(c92d520be54cddf47ab30c20accca979) Importer(815301076,1909f56bfc062723c751e8b465ee728b)
Start importing Assets/Art/Character/walk-13.png using Guid(c92d520be54cddf47ab30c20accca979) Importer(815301076,1909f56bfc062723c751e8b465ee728b)  -> (artifact id: '069e52b2eb5657687eac571fda928bdb') in 0.013868 seconds 
========================================================================
Received Import Request.
  Time since last request: 0.000200 seconds.
  path: Assets/Art/Character/walk-12.png
  artifactKey: Guid(9176e55195fa97547959033bc4eabe75) Importer(815301076,1909f56bfc062723c751e8b465ee728b)
Start importing Assets/Art/Character/walk-12.png using Guid(9176e55195fa97547959033bc4eabe75) Importer(815301076,1909f56bfc062723c751e8b465ee728b)  -> (artifact id: '60acba8ca7d6a03fcc0a86e9c43bc1e7') in 0.023045 seconds 
========================================================================
Received Import Request.
  Time since last request: 0.000201 seconds.
  path: Assets/Art/Character/walk-20.png
  artifactKey: Guid(9d31196dd70e34d418d59d300e683a2a) Importer(815301076,1909f56bfc062723c751e8b465ee728b)
Start importing Assets/Art/Character/walk-20.png using Guid(9d31196dd70e34d418d59d300e683a2a) Importer(815301076,1909f56bfc062723c751e8b465ee728b)  -> (artifact id: 'cfb577c422c933de080dbda96dfac6e8') in 0.015334 seconds 
========================================================================
Received Import Request.
  Time since last request: 0.000183 seconds.
  path: Assets/Art/Character/walk-05.png
  artifactKey: Guid(e65098ecc83653e4ea2bdc206e8fb96d) Importer(815301076,1909f56bfc062723c751e8b465ee728b)
Start importing Assets/Art/Character/walk-05.png using Guid(e65098ecc83653e4ea2bdc206e8fb96d) Importer(815301076,1909f56bfc062723c751e8b465ee728b)  -> (artifact id: '62a9b260ac13a74f54d5454a299e865a') in 0.013738 seconds 
========================================================================
Received Import Request.
  Time since last request: 0.000231 seconds.
  path: Assets/Art/Character/walk-03.png
  artifactKey: Guid(1da32a24e699e0f4d98a97239e0805ad) Importer(815301076,1909f56bfc062723c751e8b465ee728b)
Start importing Assets/Art/Character/walk-03.png using Guid(1da32a24e699e0f4d98a97239e0805ad) Importer(815301076,1909f56bfc062723c751e8b465ee728b)  -> (artifact id: 'e6f84cec9d5f9625fd33afda38053683') in 0.020318 seconds 
========================================================================
Received Import Request.
  Time since last request: 0.000152 seconds.
  path: Assets/Art/Character/walk-18.png
  artifactKey: Guid(314028d23ee30e24fa1cefddae731a0f) Importer(815301076,1909f56bfc062723c751e8b465ee728b)
Start importing Assets/Art/Character/walk-18.png using Guid(314028d23ee30e24fa1cefddae731a0f) Importer(815301076,1909f56bfc062723c751e8b465ee728b)  -> (artifact id: '7ed768069085877f6d33878a654d10c9') in 0.014099 seconds 
========================================================================
Received Import Request.
  Time since last request: 0.000216 seconds.
  path: Assets/Art/Character/walk-15.png
  artifactKey: Guid(08e280d4b36768c42a9762fb0450ece0) Importer(815301076,1909f56bfc062723c751e8b465ee728b)
Start importing Assets/Art/Character/walk-15.png using Guid(08e280d4b36768c42a9762fb0450ece0) Importer(815301076,1909f56bfc062723c751e8b465ee728b)  -> (artifact id: '676dc05f08fbc09887593361d07faa2b') in 0.011839 seconds 
========================================================================
Received Import Request.
  Time since last request: 0.000146 seconds.
  path: Assets/Art/Character/walk-06.png
  artifactKey: Guid(3ad3a9d7195f8af4abc610c1ed0161eb) Importer(815301076,1909f56bfc062723c751e8b465ee728b)
Start importing Assets/Art/Character/walk-06.png using Guid(3ad3a9d7195f8af4abc610c1ed0161eb) Importer(815301076,1909f56bfc062723c751e8b465ee728b)  -> (artifact id: 'b51e33b5b84d5ada11ab39f1ec52313c') in 0.012280 seconds 
========================================================================
Received Import Request.
  Time since last request: 0.000204 seconds.
  path: Assets/Art/Character/walk-17.png
  artifactKey: Guid(68e2c2f867d80684eb69634651cd98e3) Importer(815301076,1909f56bfc062723c751e8b465ee728b)
Start importing Assets/Art/Character/walk-17.png using Guid(68e2c2f867d80684eb69634651cd98e3) Importer(815301076,1909f56bfc062723c751e8b465ee728b)  -> (artifact id: 'a78b4d2ad40a3668f3666eb310928c9f') in 0.013117 seconds 
========================================================================
Received Import Request.
  Time since last request: 0.000220 seconds.
  path: Assets/Art/Character/walk-07.png
  artifactKey: Guid(ac5085f57d8fea2448b340a9a92ecf15) Importer(815301076,1909f56bfc062723c751e8b465ee728b)
Start importing Assets/Art/Character/walk-07.png using Guid(ac5085f57d8fea2448b340a9a92ecf15) Importer(815301076,1909f56bfc062723c751e8b465ee728b)  -> (artifact id: '6268440c3c2e11c060fc3b9b591f4046') in 0.013494 seconds 
========================================================================
Received Import Request.
  Time since last request: 0.000152 seconds.
  path: Assets/Art/Character/walk-08.png
  artifactKey: Guid(a270758b7d16a5540a4ae905a0646048) Importer(815301076,1909f56bfc062723c751e8b465ee728b)
Start importing Assets/Art/Character/walk-08.png using Guid(a270758b7d16a5540a4ae905a0646048) Importer(815301076,1909f56bfc062723c751e8b465ee728b)  -> (artifact id: '949d84e56f187b853abb4c7a59735d89') in 0.011502 seconds 
========================================================================
Received Prepare
Registering precompiled user dll's ...
Registered in 0.001148 seconds.
Begin MonoManager ReloadAssembly
Native extension for WindowsStandalone target not found
Refreshing native plugins compatible for Editor in 0.43 ms, found 1 plugins.
Preloading 0 native plugins for Editor in 0.00 ms.
Mono: successfully reloaded assembly
- Completed reload, in  0.958 seconds
Platform modules already initialized, skipping
Refreshing native plugins compatible for Editor in 0.55 ms, found 1 plugins.
Preloading 0 native plugins for Editor in 0.00 ms.
Unloading 2003 Unused Serialized files (Serialized files now loaded: 0)
System memory in use before: 121.4 MB.
System memory in use after: 121.6 MB.

Unloading 9 unused Assets to reduce memory usage. Loaded Objects now: 2863.
Total: 2.284600 ms (FindLiveObjects: 0.208000 ms CreateObjectMapping: 0.070400 ms MarkObjects: 1.989900 ms  DeleteObjects: 0.015500 ms)

========================================================================
Received Import Request.
  Time since last request: 53.131124 seconds.
  path: Assets/Prefabs
  artifactKey: Guid(e9684e00dfbd1b843b2c6b146dab0635) Importer(815301076,1909f56bfc062723c751e8b465ee728b)
Start importing Assets/Prefabs using Guid(e9684e00dfbd1b843b2c6b146dab0635) Importer(815301076,1909f56bfc062723c751e8b465ee728b)  -> (artifact id: '2d107f7608f78fda897c0d6fae966dc5') in 0.010530 seconds 
========================================================================
Received Import Request.
  Time since last request: 5.998353 seconds.
  path: Assets/Art/Character
  artifactKey: Guid(a1434bac86bedf74cab3a8f368f8868a) Importer(815301076,1909f56bfc062723c751e8b465ee728b)
Start importing Assets/Art/Character using Guid(a1434bac86bedf74cab3a8f368f8868a) Importer(815301076,1909f56bfc062723c751e8b465ee728b)  -> (artifact id: '5aeba1eb4c5f3cbba6f3bf0449d3321b') in 0.006533 seconds 
========================================================================
Received Prepare
Registering precompiled user dll's ...
Registered in 0.001600 seconds.
Begin MonoManager ReloadAssembly
Native extension for WindowsStandalone target not found
Refreshing native plugins compatible for Editor in 0.38 ms, found 1 plugins.
Preloading 0 native plugins for Editor in 0.00 ms.
Mono: successfully reloaded assembly
- Completed reload, in  0.902 seconds
Platform modules already initialized, skipping
Refreshing native plugins compatible for Editor in 0.60 ms, found 1 plugins.
Preloading 0 native plugins for Editor in 0.00 ms.
Unloading 1984 Unused Serialized files (Serialized files now loaded: 0)
System memory in use before: 120.6 MB.
System memory in use after: 120.9 MB.

Unloading 9 unused Assets to reduce memory usage. Loaded Objects now: 2866.
Total: 2.581900 ms (FindLiveObjects: 0.235000 ms CreateObjectMapping: 0.091900 ms MarkObjects: 2.236300 ms  DeleteObjects: 0.017500 ms)

========================================================================
Received Prepare
Registering precompiled user dll's ...
Registered in 0.001120 seconds.
Begin MonoManager ReloadAssembly
Native extension for WindowsStandalone target not found
Refreshing native plugins compatible for Editor in 0.37 ms, found 1 plugins.
Preloading 0 native plugins for Editor in 0.00 ms.
Mono: successfully reloaded assembly
- Completed reload, in  0.940 seconds
Platform modules already initialized, skipping
Refreshing native plugins compatible for Editor in 0.35 ms, found 1 plugins.
Preloading 0 native plugins for Editor in 0.00 ms.
Unloading 1984 Unused Serialized files (Serialized files now loaded: 0)
System memory in use before: 120.7 MB.
System memory in use after: 120.9 MB.

Unloading 9 unused Assets to reduce memory usage. Loaded Objects now: 2869.
Total: 2.397600 ms (FindLiveObjects: 0.245200 ms CreateObjectMapping: 0.083800 ms MarkObjects: 2.051900 ms  DeleteObjects: 0.015600 ms)

========================================================================
Received Prepare
Registering precompiled user dll's ...
Registered in 0.001133 seconds.
Begin MonoManager ReloadAssembly
Native extension for WindowsStandalone target not found
Refreshing native plugins compatible for Editor in 0.55 ms, found 1 plugins.
Preloading 0 native plugins for Editor in 0.00 ms.
Mono: successfully reloaded assembly
- Completed reload, in  0.927 seconds
Platform modules already initialized, skipping
Refreshing native plugins compatible for Editor in 0.43 ms, found 1 plugins.
Preloading 0 native plugins for Editor in 0.00 ms.
Unloading 1984 Unused Serialized files (Serialized files now loaded: 0)
System memory in use before: 120.7 MB.
System memory in use after: 120.9 MB.

Unloading 9 unused Assets to reduce memory usage. Loaded Objects now: 2872.
Total: 2.317600 ms (FindLiveObjects: 0.211300 ms CreateObjectMapping: 0.101200 ms MarkObjects: 1.981800 ms  DeleteObjects: 0.022200 ms)

========================================================================
Received Prepare
Registering precompiled user dll's ...
Registered in 0.001825 seconds.
Begin MonoManager ReloadAssembly
Native extension for WindowsStandalone target not found
Refreshing native plugins compatible for Editor in 0.39 ms, found 1 plugins.
Preloading 0 native plugins for Editor in 0.00 ms.
Mono: successfully reloaded assembly
- Completed reload, in  0.903 seconds
Platform modules already initialized, skipping
Refreshing native plugins compatible for Editor in 0.38 ms, found 1 plugins.
Preloading 0 native plugins for Editor in 0.00 ms.
Unloading 1984 Unused Serialized files (Serialized files now loaded: 0)
System memory in use before: 120.7 MB.
System memory in use after: 120.9 MB.

Unloading 9 unused Assets to reduce memory usage. Loaded Objects now: 2875.
Total: 2.359100 ms (FindLiveObjects: 0.218200 ms CreateObjectMapping: 0.088300 ms MarkObjects: 2.035100 ms  DeleteObjects: 0.016700 ms)

========================================================================
Received Prepare
Registering precompiled user dll's ...
Registered in 0.001098 seconds.
Begin MonoManager ReloadAssembly
Native extension for WindowsStandalone target not found
Refreshing native plugins compatible for Editor in 0.43 ms, found 1 plugins.
Preloading 0 native plugins for Editor in 0.00 ms.
Mono: successfully reloaded assembly
- Completed reload, in  0.917 seconds
Platform modules already initialized, skipping
Refreshing native plugins compatible for Editor in 0.36 ms, found 1 plugins.
Preloading 0 native plugins for Editor in 0.00 ms.
Unloading 1984 Unused Serialized files (Serialized files now loaded: 0)
System memory in use before: 120.7 MB.
System memory in use after: 121.0 MB.

Unloading 9 unused Assets to reduce memory usage. Loaded Objects now: 2878.
Total: 2.224200 ms (FindLiveObjects: 0.215400 ms CreateObjectMapping: 0.089700 ms MarkObjects: 1.904900 ms  DeleteObjects: 0.013200 ms)

========================================================================
Received Prepare
Registering precompiled user dll's ...
Registered in 0.001437 seconds.
Begin MonoManager ReloadAssembly
Native extension for WindowsStandalone target not found
Refreshing native plugins compatible for Editor in 0.43 ms, found 1 plugins.
Preloading 0 native plugins for Editor in 0.00 ms.
Mono: successfully reloaded assembly
- Completed reload, in  0.925 seconds
Platform modules already initialized, skipping
Refreshing native plugins compatible for Editor in 0.36 ms, found 1 plugins.
Preloading 0 native plugins for Editor in 0.00 ms.
Unloading 1984 Unused Serialized files (Serialized files now loaded: 0)
System memory in use before: 120.7 MB.
System memory in use after: 121.0 MB.

Unloading 9 unused Assets to reduce memory usage. Loaded Objects now: 2881.
Total: 2.332300 ms (FindLiveObjects: 0.213200 ms CreateObjectMapping: 0.085800 ms MarkObjects: 2.014900 ms  DeleteObjects: 0.017500 ms)

========================================================================
Received Prepare
Registering precompiled user dll's ...
Registered in 0.001118 seconds.
Begin MonoManager ReloadAssembly
Native extension for WindowsStandalone target not found
Refreshing native plugins compatible for Editor in 0.36 ms, found 1 plugins.
Preloading 0 native plugins for Editor in 0.00 ms.
Mono: successfully reloaded assembly
- Completed reload, in  0.937 seconds
Platform modules already initialized, skipping
Refreshing native plugins compatible for Editor in 0.36 ms, found 1 plugins.
Preloading 0 native plugins for Editor in 0.00 ms.
Unloading 1984 Unused Serialized files (Serialized files now loaded: 0)
System memory in use before: 120.8 MB.
System memory in use after: 121.0 MB.

Unloading 9 unused Assets to reduce memory usage. Loaded Objects now: 2884.
Total: 2.261500 ms (FindLiveObjects: 0.349900 ms CreateObjectMapping: 0.131200 ms MarkObjects: 1.766100 ms  DeleteObjects: 0.013500 ms)

========================================================================
Received Prepare
Registering precompiled user dll's ...
Registered in 0.001181 seconds.
Begin MonoManager ReloadAssembly
Native extension for WindowsStandalone target not found
Refreshing native plugins compatible for Editor in 0.37 ms, found 1 plugins.
Preloading 0 native plugins for Editor in 0.00 ms.
Mono: successfully reloaded assembly
- Completed reload, in  0.916 seconds
Platform modules already initialized, skipping
Refreshing native plugins compatible for Editor in 0.36 ms, found 1 plugins.
Preloading 0 native plugins for Editor in 0.00 ms.
Unloading 1984 Unused Serialized files (Serialized files now loaded: 0)
System memory in use before: 120.8 MB.
System memory in use after: 121.0 MB.

Unloading 9 unused Assets to reduce memory usage. Loaded Objects now: 2887.
Total: 2.457200 ms (FindLiveObjects: 0.254200 ms CreateObjectMapping: 0.135300 ms MarkObjects: 2.051800 ms  DeleteObjects: 0.015000 ms)

========================================================================
Received Prepare
Registering precompiled user dll's ...
Registered in 0.001231 seconds.
Begin MonoManager ReloadAssembly
Native extension for WindowsStandalone target not found
Refreshing native plugins compatible for Editor in 0.37 ms, found 1 plugins.
Preloading 0 native plugins for Editor in 0.00 ms.
Mono: successfully reloaded assembly
- Completed reload, in  0.921 seconds
Platform modules already initialized, skipping
Refreshing native plugins compatible for Editor in 0.47 ms, found 1 plugins.
Preloading 0 native plugins for Editor in 0.00 ms.
Unloading 1984 Unused Serialized files (Serialized files now loaded: 0)
System memory in use before: 120.8 MB.
System memory in use after: 121.0 MB.

Unloading 9 unused Assets to reduce memory usage. Loaded Objects now: 2890.
Total: 2.133900 ms (FindLiveObjects: 0.208500 ms CreateObjectMapping: 0.087800 ms MarkObjects: 1.822900 ms  DeleteObjects: 0.013800 ms)

========================================================================
Received Prepare
Registering precompiled user dll's ...
Registered in 0.001130 seconds.
Begin MonoManager ReloadAssembly
Native extension for WindowsStandalone target not found
Refreshing native plugins compatible for Editor in 0.37 ms, found 1 plugins.
Preloading 0 native plugins for Editor in 0.00 ms.
Mono: successfully reloaded assembly
- Completed reload, in  0.927 seconds
Platform modules already initialized, skipping
Refreshing native plugins compatible for Editor in 0.36 ms, found 1 plugins.
Preloading 0 native plugins for Editor in 0.00 ms.
Unloading 1984 Unused Serialized files (Serialized files now loaded: 0)
System memory in use before: 120.8 MB.
System memory in use after: 121.0 MB.

Unloading 9 unused Assets to reduce memory usage. Loaded Objects now: 2893.
Total: 2.813800 ms (FindLiveObjects: 0.198600 ms CreateObjectMapping: 0.088800 ms MarkObjects: 2.501600 ms  DeleteObjects: 0.023800 ms)

========================================================================
Received Prepare
Registering precompiled user dll's ...
Registered in 0.001211 seconds.
Begin MonoManager ReloadAssembly
Native extension for WindowsStandalone target not found
Refreshing native plugins compatible for Editor in 0.35 ms, found 1 plugins.
Preloading 0 native plugins for Editor in 0.00 ms.
Mono: successfully reloaded assembly
- Completed reload, in  0.910 seconds
Platform modules already initialized, skipping
Refreshing native plugins compatible for Editor in 0.37 ms, found 1 plugins.
Preloading 0 native plugins for Editor in 0.00 ms.
Unloading 1984 Unused Serialized files (Serialized files now loaded: 0)
System memory in use before: 120.9 MB.
System memory in use after: 121.1 MB.

Unloading 9 unused Assets to reduce memory usage. Loaded Objects now: 2896.
Total: 2.205700 ms (FindLiveObjects: 0.208000 ms CreateObjectMapping: 0.086900 ms MarkObjects: 1.896000 ms  DeleteObjects: 0.013900 ms)

========================================================================
Received Prepare
Registering precompiled user dll's ...
Registered in 0.001188 seconds.
Begin MonoManager ReloadAssembly
Native extension for WindowsStandalone target not found
Refreshing native plugins compatible for Editor in 0.36 ms, found 1 plugins.
Preloading 0 native plugins for Editor in 0.00 ms.
Mono: successfully reloaded assembly
- Completed reload, in  0.899 seconds
Platform modules already initialized, skipping
Refreshing native plugins compatible for Editor in 0.35 ms, found 1 plugins.
Preloading 0 native plugins for Editor in 0.00 ms.
Unloading 1984 Unused Serialized files (Serialized files now loaded: 0)
System memory in use before: 120.9 MB.
System memory in use after: 121.1 MB.

Unloading 9 unused Assets to reduce memory usage. Loaded Objects now: 2899.
Total: 2.162300 ms (FindLiveObjects: 0.207800 ms CreateObjectMapping: 0.086400 ms MarkObjects: 1.853800 ms  DeleteObjects: 0.013700 ms)

========================================================================
Received Prepare
Registering precompiled user dll's ...
Registered in 0.001659 seconds.
Begin MonoManager ReloadAssembly
Native extension for WindowsStandalone target not found
Refreshing native plugins compatible for Editor in 0.48 ms, found 1 plugins.
Preloading 0 native plugins for Editor in 0.00 ms.
Mono: successfully reloaded assembly
- Completed reload, in  0.874 seconds
Platform modules already initialized, skipping
Refreshing native plugins compatible for Editor in 0.37 ms, found 1 plugins.
Preloading 0 native plugins for Editor in 0.00 ms.
Unloading 1984 Unused Serialized files (Serialized files now loaded: 0)
System memory in use before: 120.9 MB.
System memory in use after: 121.1 MB.

Unloading 9 unused Assets to reduce memory usage. Loaded Objects now: 2902.
Total: 2.364200 ms (FindLiveObjects: 0.225300 ms CreateObjectMapping: 0.087300 ms MarkObjects: 2.035200 ms  DeleteObjects: 0.015300 ms)

========================================================================
Received Prepare
Registering precompiled user dll's ...
Registered in 0.001083 seconds.
Begin MonoManager ReloadAssembly
Native extension for WindowsStandalone target not found
Refreshing native plugins compatible for Editor in 0.36 ms, found 1 plugins.
Preloading 0 native plugins for Editor in 0.00 ms.
Mono: successfully reloaded assembly
- Completed reload, in  0.862 seconds
Platform modules already initialized, skipping
Refreshing native plugins compatible for Editor in 0.36 ms, found 1 plugins.
Preloading 0 native plugins for Editor in 0.00 ms.
Unloading 1984 Unused Serialized files (Serialized files now loaded: 0)
System memory in use before: 120.9 MB.
System memory in use after: 121.1 MB.

Unloading 9 unused Assets to reduce memory usage. Loaded Objects now: 2905.
Total: 2.529700 ms (FindLiveObjects: 0.332100 ms CreateObjectMapping: 0.127900 ms MarkObjects: 2.053300 ms  DeleteObjects: 0.015300 ms)

========================================================================
Received Prepare
Registering precompiled user dll's ...
Registered in 0.001050 seconds.
Begin MonoManager ReloadAssembly
Native extension for WindowsStandalone target not found
Refreshing native plugins compatible for Editor in 0.37 ms, found 1 plugins.
Preloading 0 native plugins for Editor in 0.00 ms.
Mono: successfully reloaded assembly
- Completed reload, in  0.862 seconds
Platform modules already initialized, skipping
Refreshing native plugins compatible for Editor in 0.37 ms, found 1 plugins.
Preloading 0 native plugins for Editor in 0.00 ms.
Unloading 1984 Unused Serialized files (Serialized files now loaded: 0)
System memory in use before: 120.9 MB.
System memory in use after: 121.1 MB.

Unloading 9 unused Assets to reduce memory usage. Loaded Objects now: 2908.
Total: 2.353800 ms (FindLiveObjects: 0.215100 ms CreateObjectMapping: 0.094600 ms MarkObjects: 2.028300 ms  DeleteObjects: 0.014900 ms)

========================================================================
Received Prepare
Registering precompiled user dll's ...
Registered in 0.001134 seconds.
Begin MonoManager ReloadAssembly
Native extension for WindowsStandalone target not found
Refreshing native plugins compatible for Editor in 0.36 ms, found 1 plugins.
Preloading 0 native plugins for Editor in 0.00 ms.
Mono: successfully reloaded assembly
- Completed reload, in  0.863 seconds
Platform modules already initialized, skipping
Refreshing native plugins compatible for Editor in 0.38 ms, found 1 plugins.
Preloading 0 native plugins for Editor in 0.00 ms.
Unloading 1984 Unused Serialized files (Serialized files now loaded: 0)
System memory in use before: 120.9 MB.
System memory in use after: 121.2 MB.

Unloading 9 unused Assets to reduce memory usage. Loaded Objects now: 2911.
Total: 2.530700 ms (FindLiveObjects: 0.226200 ms CreateObjectMapping: 0.082400 ms MarkObjects: 2.199300 ms  DeleteObjects: 0.021600 ms)

========================================================================
Received Prepare
Registering precompiled user dll's ...
Registered in 0.001072 seconds.
Begin MonoManager ReloadAssembly
Native extension for WindowsStandalone target not found
Refreshing native plugins compatible for Editor in 0.36 ms, found 1 plugins.
Preloading 0 native plugins for Editor in 0.00 ms.
Mono: successfully reloaded assembly
- Completed reload, in  0.871 seconds
Platform modules already initialized, skipping
Refreshing native plugins compatible for Editor in 0.38 ms, found 1 plugins.
Preloading 0 native plugins for Editor in 0.00 ms.
Unloading 1984 Unused Serialized files (Serialized files now loaded: 0)
System memory in use before: 121.0 MB.
System memory in use after: 121.2 MB.

Unloading 9 unused Assets to reduce memory usage. Loaded Objects now: 2914.
Total: 2.408300 ms (FindLiveObjects: 0.246300 ms CreateObjectMapping: 0.104500 ms MarkObjects: 2.042100 ms  DeleteObjects: 0.014400 ms)

========================================================================
Received Prepare
Registering precompiled user dll's ...
Registered in 0.001126 seconds.
Begin MonoManager ReloadAssembly
Native extension for WindowsStandalone target not found
Refreshing native plugins compatible for Editor in 0.36 ms, found 1 plugins.
Preloading 0 native plugins for Editor in 0.00 ms.
Mono: successfully reloaded assembly
- Completed reload, in  0.856 seconds
Platform modules already initialized, skipping
Refreshing native plugins compatible for Editor in 0.36 ms, found 1 plugins.
Preloading 0 native plugins for Editor in 0.00 ms.
Unloading 1984 Unused Serialized files (Serialized files now loaded: 0)
System memory in use before: 121.0 MB.
System memory in use after: 121.2 MB.

Unloading 9 unused Assets to reduce memory usage. Loaded Objects now: 2917.
Total: 2.495100 ms (FindLiveObjects: 0.215900 ms CreateObjectMapping: 0.095200 ms MarkObjects: 2.166400 ms  DeleteObjects: 0.016600 ms)

========================================================================
Received Prepare
Registering precompiled user dll's ...
Registered in 0.001142 seconds.
Begin MonoManager ReloadAssembly
Native extension for WindowsStandalone target not found
Refreshing native plugins compatible for Editor in 0.36 ms, found 1 plugins.
Preloading 0 native plugins for Editor in 0.00 ms.
Mono: successfully reloaded assembly
- Completed reload, in  0.862 seconds
Platform modules already initialized, skipping
Refreshing native plugins compatible for Editor in 0.40 ms, found 1 plugins.
Preloading 0 native plugins for Editor in 0.00 ms.
Unloading 1984 Unused Serialized files (Serialized files now loaded: 0)
System memory in use before: 121.0 MB.
System memory in use after: 121.2 MB.

Unloading 9 unused Assets to reduce memory usage. Loaded Objects now: 2920.
Total: 2.149500 ms (FindLiveObjects: 0.225700 ms CreateObjectMapping: 0.084800 ms MarkObjects: 1.820200 ms  DeleteObjects: 0.018100 ms)

========================================================================
Received Prepare
Registering precompiled user dll's ...
Registered in 0.001043 seconds.
Begin MonoManager ReloadAssembly
Native extension for WindowsStandalone target not found
Refreshing native plugins compatible for Editor in 0.36 ms, found 1 plugins.
Preloading 0 native plugins for Editor in 0.00 ms.
Mono: successfully reloaded assembly
- Completed reload, in  0.903 seconds
Platform modules already initialized, skipping
Refreshing native plugins compatible for Editor in 0.36 ms, found 1 plugins.
Preloading 0 native plugins for Editor in 0.00 ms.
Unloading 1984 Unused Serialized files (Serialized files now loaded: 0)
System memory in use before: 121.0 MB.
System memory in use after: 121.2 MB.

Unloading 9 unused Assets to reduce memory usage. Loaded Objects now: 2923.
Total: 2.315300 ms (FindLiveObjects: 0.212400 ms CreateObjectMapping: 0.077500 ms MarkObjects: 2.011200 ms  DeleteObjects: 0.013200 ms)

========================================================================
Received Prepare
Registering precompiled user dll's ...
Registered in 0.001109 seconds.
Begin MonoManager ReloadAssembly
Native extension for WindowsStandalone target not found
Refreshing native plugins compatible for Editor in 0.37 ms, found 1 plugins.
Preloading 0 native plugins for Editor in 0.00 ms.
Mono: successfully reloaded assembly
- Completed reload, in  0.875 seconds
Platform modules already initialized, skipping
Refreshing native plugins compatible for Editor in 0.36 ms, found 1 plugins.
Preloading 0 native plugins for Editor in 0.00 ms.
Unloading 1984 Unused Serialized files (Serialized files now loaded: 0)
System memory in use before: 121.0 MB.
System memory in use after: 121.2 MB.

Unloading 9 unused Assets to reduce memory usage. Loaded Objects now: 2926.
Total: 2.307600 ms (FindLiveObjects: 0.244400 ms CreateObjectMapping: 0.100600 ms MarkObjects: 1.946900 ms  DeleteObjects: 0.014300 ms)

========================================================================
Received Prepare
Registering precompiled user dll's ...
Registered in 0.001112 seconds.
Begin MonoManager ReloadAssembly
Native extension for WindowsStandalone target not found
Refreshing native plugins compatible for Editor in 0.38 ms, found 1 plugins.
Preloading 0 native plugins for Editor in 0.00 ms.
Mono: successfully reloaded assembly
- Completed reload, in  0.892 seconds
Platform modules already initialized, skipping
Refreshing native plugins compatible for Editor in 0.36 ms, found 1 plugins.
Preloading 0 native plugins for Editor in 0.00 ms.
Unloading 1984 Unused Serialized files (Serialized files now loaded: 0)
System memory in use before: 121.0 MB.
System memory in use after: 121.2 MB.

Unloading 9 unused Assets to reduce memory usage. Loaded Objects now: 2929.
Total: 2.203600 ms (FindLiveObjects: 0.209300 ms CreateObjectMapping: 0.103000 ms MarkObjects: 1.876100 ms  DeleteObjects: 0.014100 ms)

========================================================================
Received Prepare
Registering precompiled user dll's ...
Registered in 0.001013 seconds.
Begin MonoManager ReloadAssembly
Native extension for WindowsStandalone target not found
Refreshing native plugins compatible for Editor in 0.36 ms, found 1 plugins.
Preloading 0 native plugins for Editor in 0.00 ms.
Mono: successfully reloaded assembly
- Completed reload, in  0.896 seconds
Platform modules already initialized, skipping
Refreshing native plugins compatible for Editor in 0.36 ms, found 1 plugins.
Preloading 0 native plugins for Editor in 0.00 ms.
Unloading 1984 Unused Serialized files (Serialized files now loaded: 0)
System memory in use before: 121.0 MB.
System memory in use after: 121.2 MB.

Unloading 9 unused Assets to reduce memory usage. Loaded Objects now: 2932.
Total: 2.180300 ms (FindLiveObjects: 0.213300 ms CreateObjectMapping: 0.089000 ms MarkObjects: 1.863700 ms  DeleteObjects: 0.013400 ms)

========================================================================
Received Prepare
Registering precompiled user dll's ...
Registered in 0.001127 seconds.
Begin MonoManager ReloadAssembly
Native extension for WindowsStandalone target not found
Refreshing native plugins compatible for Editor in 0.36 ms, found 1 plugins.
Preloading 0 native plugins for Editor in 0.00 ms.
Mono: successfully reloaded assembly
- Completed reload, in  0.879 seconds
Platform modules already initialized, skipping
Refreshing native plugins compatible for Editor in 0.38 ms, found 1 plugins.
Preloading 0 native plugins for Editor in 0.00 ms.
Unloading 1984 Unused Serialized files (Serialized files now loaded: 0)
System memory in use before: 121.0 MB.
System memory in use after: 121.2 MB.

Unloading 9 unused Assets to reduce memory usage. Loaded Objects now: 2935.
Total: 2.467800 ms (FindLiveObjects: 0.220500 ms CreateObjectMapping: 0.085300 ms MarkObjects: 2.144500 ms  DeleteObjects: 0.016400 ms)

========================================================================
Received Prepare
Registering precompiled user dll's ...
Registered in 0.001095 seconds.
Begin MonoManager ReloadAssembly
Native extension for WindowsStandalone target not found
Refreshing native plugins compatible for Editor in 0.36 ms, found 1 plugins.
Preloading 0 native plugins for Editor in 0.00 ms.
Mono: successfully reloaded assembly
- Completed reload, in  0.866 seconds
Platform modules already initialized, skipping
Refreshing native plugins compatible for Editor in 0.36 ms, found 1 plugins.
Preloading 0 native plugins for Editor in 0.00 ms.
Unloading 1984 Unused Serialized files (Serialized files now loaded: 0)
System memory in use before: 121.0 MB.
System memory in use after: 121.2 MB.

Unloading 9 unused Assets to reduce memory usage. Loaded Objects now: 2938.
Total: 2.272600 ms (FindLiveObjects: 0.220500 ms CreateObjectMapping: 0.095100 ms MarkObjects: 1.934700 ms  DeleteObjects: 0.021200 ms)

========================================================================
Received Prepare
Registering precompiled user dll's ...
Registered in 0.001071 seconds.
Begin MonoManager ReloadAssembly
Native extension for WindowsStandalone target not found
Refreshing native plugins compatible for Editor in 0.36 ms, found 1 plugins.
Preloading 0 native plugins for Editor in 0.00 ms.
Mono: successfully reloaded assembly
- Completed reload, in  0.873 seconds
Platform modules already initialized, skipping
Refreshing native plugins compatible for Editor in 0.36 ms, found 1 plugins.
Preloading 0 native plugins for Editor in 0.00 ms.
Unloading 1984 Unused Serialized files (Serialized files now loaded: 0)
System memory in use before: 121.0 MB.
System memory in use after: 121.3 MB.

Unloading 9 unused Assets to reduce memory usage. Loaded Objects now: 2941.
Total: 2.304300 ms (FindLiveObjects: 0.232800 ms CreateObjectMapping: 0.180400 ms MarkObjects: 1.875400 ms  DeleteObjects: 0.014700 ms)

========================================================================
Received Prepare
Registering precompiled user dll's ...
Registered in 0.001115 seconds.
Begin MonoManager ReloadAssembly
Native extension for WindowsStandalone target not found
Refreshing native plugins compatible for Editor in 0.36 ms, found 1 plugins.
Preloading 0 native plugins for Editor in 0.00 ms.
Mono: successfully reloaded assembly
- Completed reload, in  0.866 seconds
Platform modules already initialized, skipping
Refreshing native plugins compatible for Editor in 0.42 ms, found 1 plugins.
Preloading 0 native plugins for Editor in 0.00 ms.
Unloading 1984 Unused Serialized files (Serialized files now loaded: 0)
System memory in use before: 121.0 MB.
System memory in use after: 121.3 MB.

Unloading 9 unused Assets to reduce memory usage. Loaded Objects now: 2944.
Total: 2.231700 ms (FindLiveObjects: 0.216200 ms CreateObjectMapping: 0.083000 ms MarkObjects: 1.915000 ms  DeleteObjects: 0.016600 ms)

========================================================================
Received Prepare
Registering precompiled user dll's ...
Registered in 0.001098 seconds.
Begin MonoManager ReloadAssembly
Native extension for WindowsStandalone target not found
Refreshing native plugins compatible for Editor in 0.36 ms, found 1 plugins.
Preloading 0 native plugins for Editor in 0.00 ms.
Mono: successfully reloaded assembly
- Completed reload, in  0.905 seconds
Platform modules already initialized, skipping
Refreshing native plugins compatible for Editor in 0.38 ms, found 1 plugins.
Preloading 0 native plugins for Editor in 0.00 ms.
Unloading 1984 Unused Serialized files (Serialized files now loaded: 0)
System memory in use before: 121.1 MB.
System memory in use after: 121.3 MB.

Unloading 9 unused Assets to reduce memory usage. Loaded Objects now: 2947.
Total: 2.774900 ms (FindLiveObjects: 0.357400 ms CreateObjectMapping: 0.164500 ms MarkObjects: 2.234300 ms  DeleteObjects: 0.017300 ms)

========================================================================
Received Prepare
Registering precompiled user dll's ...
Registered in 0.001055 seconds.
Begin MonoManager ReloadAssembly
Native extension for WindowsStandalone target not found
Refreshing native plugins compatible for Editor in 0.37 ms, found 1 plugins.
Preloading 0 native plugins for Editor in 0.00 ms.
Mono: successfully reloaded assembly
- Completed reload, in  0.962 seconds
Platform modules already initialized, skipping
Refreshing native plugins compatible for Editor in 0.36 ms, found 1 plugins.
Preloading 0 native plugins for Editor in 0.00 ms.
Unloading 1984 Unused Serialized files (Serialized files now loaded: 0)
System memory in use before: 121.3 MB.
System memory in use after: 121.5 MB.

Unloading 9 unused Assets to reduce memory usage. Loaded Objects now: 2950.
Total: 2.333500 ms (FindLiveObjects: 0.218000 ms CreateObjectMapping: 0.077500 ms MarkObjects: 2.023200 ms  DeleteObjects: 0.013800 ms)

========================================================================
Received Prepare
Registering precompiled user dll's ...
Registered in 0.001163 seconds.
Begin MonoManager ReloadAssembly
Native extension for WindowsStandalone target not found
Refreshing native plugins compatible for Editor in 0.37 ms, found 1 plugins.
Preloading 0 native plugins for Editor in 0.00 ms.
Mono: successfully reloaded assembly
- Completed reload, in  0.925 seconds
Platform modules already initialized, skipping
Refreshing native plugins compatible for Editor in 0.44 ms, found 1 plugins.
Preloading 0 native plugins for Editor in 0.00 ms.
Unloading 1984 Unused Serialized files (Serialized files now loaded: 0)
System memory in use before: 121.3 MB.
System memory in use after: 121.5 MB.

Unloading 9 unused Assets to reduce memory usage. Loaded Objects now: 2953.
Total: 2.295600 ms (FindLiveObjects: 0.245600 ms CreateObjectMapping: 0.099400 ms MarkObjects: 1.933500 ms  DeleteObjects: 0.016100 ms)

========================================================================
Received Prepare
Registering precompiled user dll's ...
Registered in 0.001137 seconds.
Begin MonoManager ReloadAssembly
Native extension for WindowsStandalone target not found
Refreshing native plugins compatible for Editor in 0.36 ms, found 1 plugins.
Preloading 0 native plugins for Editor in 0.00 ms.
Mono: successfully reloaded assembly
- Completed reload, in  0.910 seconds
Platform modules already initialized, skipping
Refreshing native plugins compatible for Editor in 0.37 ms, found 1 plugins.
Preloading 0 native plugins for Editor in 0.00 ms.
Unloading 1984 Unused Serialized files (Serialized files now loaded: 0)
System memory in use before: 121.3 MB.
System memory in use after: 121.5 MB.

Unloading 9 unused Assets to reduce memory usage. Loaded Objects now: 2956.
Total: 2.712200 ms (FindLiveObjects: 0.260500 ms CreateObjectMapping: 0.121700 ms MarkObjects: 2.312700 ms  DeleteObjects: 0.015700 ms)

========================================================================
Received Import Request.
  Time since last request: 3683.184862 seconds.
  path: Assets/Art/Character/Hoodie_full.PNG
  artifactKey: Guid(0fe045f16f6926b4492d83dfdcecb016) Importer(815301076,1909f56bfc062723c751e8b465ee728b)
Start importing Assets/Art/Character/Hoodie_full.PNG using Guid(0fe045f16f6926b4492d83dfdcecb016) Importer(815301076,1909f56bfc062723c751e8b465ee728b)  -> (artifact id: '5ef05aa1d7f8065fe71da4c74aac2944') in 0.083485 seconds 
========================================================================
Received Import Request.
  Time since last request: 23.951703 seconds.
  path: Assets/Art/Character/walk-02.png
  artifactKey: Guid(2370d10ed3ab3a14c9c68f67d0298790) Importer(815301076,1909f56bfc062723c751e8b465ee728b)
Start importing Assets/Art/Character/walk-02.png using Guid(2370d10ed3ab3a14c9c68f67d0298790) Importer(815301076,1909f56bfc062723c751e8b465ee728b)  -> (artifact id: 'b951b22a5710564bce15958dfc254bef') in 0.018995 seconds 
========================================================================
Received Import Request.
  Time since last request: 5.868736 seconds.
  path: Assets/Art/Character/walk-02.png
  artifactKey: Guid(2370d10ed3ab3a14c9c68f67d0298790) Importer(815301076,1909f56bfc062723c751e8b465ee728b)
Start importing Assets/Art/Character/walk-02.png using Guid(2370d10ed3ab3a14c9c68f67d0298790) Importer(815301076,1909f56bfc062723c751e8b465ee728b)  -> (artifact id: '9cc5767a5af844e99ec23d6dbed787a1') in 0.012108 seconds 
========================================================================
Received Import Request.
  Time since last request: 15.703347 seconds.
  path: Assets/Art/Character/character.png
  artifactKey: Guid(f86106596483b2d49862a5aa9df17ee8) Importer(815301076,1909f56bfc062723c751e8b465ee728b)
Start importing Assets/Art/Character/character.png using Guid(f86106596483b2d49862a5aa9df17ee8) Importer(815301076,1909f56bfc062723c751e8b465ee728b)  -> (artifact id: '19006f38162fab419a4963a0395e7cf8') in 0.022487 seconds 
========================================================================
Received Prepare
Registering precompiled user dll's ...
Registered in 0.001051 seconds.
Begin MonoManager ReloadAssembly
Native extension for WindowsStandalone target not found
Refreshing native plugins compatible for Editor in 0.36 ms, found 1 plugins.
Preloading 0 native plugins for Editor in 0.00 ms.
Mono: successfully reloaded assembly
- Completed reload, in  0.937 seconds
Platform modules already initialized, skipping
Refreshing native plugins compatible for Editor in 0.37 ms, found 1 plugins.
Preloading 0 native plugins for Editor in 0.00 ms.
Unloading 1986 Unused Serialized files (Serialized files now loaded: 0)
System memory in use before: 125.7 MB.
System memory in use after: 125.9 MB.

Unloading 9 unused Assets to reduce memory usage. Loaded Objects now: 3022.
Total: 2.449300 ms (FindLiveObjects: 0.221700 ms CreateObjectMapping: 0.103500 ms MarkObjects: 2.107800 ms  DeleteObjects: 0.015600 ms)

========================================================================
Received Prepare
Registering precompiled user dll's ...
Registered in 0.001112 seconds.
Begin MonoManager ReloadAssembly
Native extension for WindowsStandalone target not found
Refreshing native plugins compatible for Editor in 0.38 ms, found 1 plugins.
Preloading 0 native plugins for Editor in 0.00 ms.
Mono: successfully reloaded assembly
- Completed reload, in  0.938 seconds
Platform modules already initialized, skipping
Refreshing native plugins compatible for Editor in 0.36 ms, found 1 plugins.
Preloading 0 native plugins for Editor in 0.00 ms.
Unloading 1984 Unused Serialized files (Serialized files now loaded: 0)
System memory in use before: 125.7 MB.
System memory in use after: 125.9 MB.

Unloading 9 unused Assets to reduce memory usage. Loaded Objects now: 3025.
Total: 2.556100 ms (FindLiveObjects: 0.235700 ms CreateObjectMapping: 0.089800 ms MarkObjects: 2.213200 ms  DeleteObjects: 0.016500 ms)

========================================================================
Received Prepare
Registering precompiled user dll's ...
Registered in 0.001277 seconds.
Begin MonoManager ReloadAssembly
Native extension for WindowsStandalone target not found
Refreshing native plugins compatible for Editor in 0.37 ms, found 1 plugins.
Preloading 0 native plugins for Editor in 0.00 ms.
Mono: successfully reloaded assembly
- Completed reload, in  0.918 seconds
Platform modules already initialized, skipping
Refreshing native plugins compatible for Editor in 0.37 ms, found 1 plugins.
Preloading 0 native plugins for Editor in 0.00 ms.
Unloading 1984 Unused Serialized files (Serialized files now loaded: 0)
System memory in use before: 125.7 MB.
System memory in use after: 125.9 MB.

Unloading 9 unused Assets to reduce memory usage. Loaded Objects now: 3028.
Total: 3.833000 ms (FindLiveObjects: 0.234900 ms CreateObjectMapping: 0.090800 ms MarkObjects: 3.458100 ms  DeleteObjects: 0.047800 ms)

========================================================================
Received Prepare
Registering precompiled user dll's ...
Registered in 0.001109 seconds.
Begin MonoManager ReloadAssembly
Native extension for WindowsStandalone target not found
Refreshing native plugins compatible for Editor in 0.38 ms, found 1 plugins.
Preloading 0 native plugins for Editor in 0.00 ms.
Mono: successfully reloaded assembly
- Completed reload, in  0.901 seconds
Platform modules already initialized, skipping
Refreshing native plugins compatible for Editor in 0.38 ms, found 1 plugins.
Preloading 0 native plugins for Editor in 0.00 ms.
Unloading 1984 Unused Serialized files (Serialized files now loaded: 0)
System memory in use before: 125.7 MB.
System memory in use after: 125.9 MB.

Unloading 9 unused Assets to reduce memory usage. Loaded Objects now: 3031.
Total: 2.300200 ms (FindLiveObjects: 0.236900 ms CreateObjectMapping: 0.097600 ms MarkObjects: 1.950600 ms  DeleteObjects: 0.014000 ms)

AssetImportWorkerClient::OnTransportError - code=2 error=End of file
